<?xml version="1.0" encoding="UTF-8"?>
<testsuites tests="1" failures="1" disabled="0" errors="0" time="0" timestamp="2026-06-23T20:40:03.053" name="AllTests">
  <testsuite name="SemanticTest" tests="1" failures="1" disabled="0" skipped="0" errors="0" time="0" timestamp="2026-06-23T20:40:03.053">
    <testcase name="TestcaseTest_Expr8" status="run" result="completed" time="0" timestamp="2026-06-23T20:40:03.053" classname="SemanticTest">
      <failure message="unknown file&#x0A;C++ exception with description &quot;Failed to open file: ../testcases/semantic-1/src/expr8/expr8.rx&quot; thrown in the test body." type=""><![CDATA[unknown file
C++ exception with description "Failed to open file: ../testcases/semantic-1/src/expr8/expr8.rx" thrown in the test body.]]></failure>
    </testcase>
  </testsuite>
</testsuites>
